[01m[K/home/diaoko/ros2_ws/src/my_cpp_pkg/src/number_publisher.cpp:8:5:[m[K [01;31m[Kerror: [m[Kâ€˜[01m[Krclpcpp[m[Kâ€™ does not name a type
    8 |     [01;31m[Krclpcpp[m[K::Publisher<example_interfaces::msg::Int64>::sharedPtr number_publisher_;
      |     [01;31m[K^~~~~~~[m[K
[01m[K/home/diaoko/ros2_ws/src/my_cpp_pkg/src/number_publisher.cpp:12:5:[m[K [01;31m[Kerror: [m[Kâ€˜[01m[Knumber_publisher_[m[Kâ€™ does not name a type; did you mean â€˜[01m[Krmw_publisher_t[m[Kâ€™?
   12 |     [01;31m[Knumber_publisher_[m[K = this->create_publisher<example_interfaces::msg::Int64>("number", 10);
      |     [01;31m[K^~~~~~~~~~~~~~~~~[m[K
      |     [32m[Krmw_publisher_t[m[K
[01m[K/home/diaoko/ros2_ws/src/my_cpp_pkg/src/number_publisher.cpp:13:5:[m[K [01;31m[Kerror: [m[Kâ€˜[01m[Knumber_timer_[m[Kâ€™ does not name a type
   13 |     [01;31m[Knumber_timer_[m[K = this->create_wall_timer(std::chrono::seconds(1), std::bind(&NumberPublisherNode::publishNumber, this));
      |     [01;31m[K^~~~~~~~~~~~~[m[K
In file included from [01m[K/opt/ros/jazzy/include/rclcpp/rclcpp/copy_all_parameter_values.hpp:27[m[K,
                 from [01m[K/opt/ros/jazzy/include/rclcpp/rclcpp/rclcpp.hpp:171[m[K,
                 from [01m[K/home/diaoko/ros2_ws/src/my_cpp_pkg/src/number_publisher.cpp:1[m[K:
[01m[K/home/diaoko/ros2_ws/src/my_cpp_pkg/src/number_publisher.cpp:14:5:[m[K [01;31m[Kerror: [m[Kexpected unqualified-id before â€˜[01m[Kdo[m[Kâ€™
   14 |     [01;31m[KRCLCPP_INFO[m[K(this->get_logger(), "Number Publishing has been started.");
      |     [01;31m[K^~~~~~~~~~~[m[K
[01m[K/home/diaoko/ros2_ws/src/my_cpp_pkg/src/number_publisher.cpp:14:5:[m[K [01;31m[Kerror: [m[Kexpected unqualified-id before â€˜[01m[Kwhile[m[Kâ€™
   14 |     [01;31m[KRCLCPP_INFO[m[K(this->get_logger(), "Number Publishing has been started.");
      |     [01;31m[K^~~~~~~~~~~[m[K
[01m[K/home/diaoko/ros2_ws/src/my_cpp_pkg/src/number_publisher.cpp:[m[K In member function â€˜[01m[Kvoid MyCustomNode::[01;32m[KpublishNumber[m[K()[m[Kâ€™:
[01m[K/home/diaoko/ros2_ws/src/my_cpp_pkg/src/number_publisher.cpp:18:20:[m[K [01;31m[Kerror: [m[Kâ€˜[01m[Knumber_[m[Kâ€™ was not declared in this scope
   18 |         msg.data = [01;31m[Knumber_[m[K;
      |                    [01;31m[K^~~~~~~[m[K
[01m[K/home/diaoko/ros2_ws/src/my_cpp_pkg/src/number_publisher.cpp:19:9:[m[K [01;31m[Kerror: [m[Kâ€˜[01m[Knumber_publisher_[m[Kâ€™ was not declared in this scope; did you mean â€˜[01m[Krmw_publisher_t[m[Kâ€™?
   19 |         [01;31m[Knumber_publisher_[m[K->publish(msg);
      |         [01;31m[K^~~~~~~~~~~~~~~~~[m[K
      |         [32m[Krmw_publisher_t[m[K
[01m[K/home/diaoko/ros2_ws/src/my_cpp_pkg/src/number_publisher.cpp:[m[K In function â€˜[01m[Kint[01;32m[K main[m[K(int, char**)[m[Kâ€™:
[01m[K/home/diaoko/ros2_ws/src/my_cpp_pkg/src/number_publisher.cpp:27:34:[m[K [01;31m[Kerror: [m[Kâ€˜[01m[KNumberPublisherNode[m[Kâ€™ was not declared in this scope
   27 |     auto node = std::make_shared<[01;31m[KNumberPublisherNode[m[K>();
      |                                  [01;31m[K^~~~~~~~~~~~~~~~~~~[m[K
[01m[K/home/diaoko/ros2_ws/src/my_cpp_pkg/src/number_publisher.cpp:27:54:[m[K [01;31m[Kerror: [m[Kno matching function for call to â€˜[01m[Kmake_shared<<expression error> >()[m[Kâ€™
   27 |     auto node = [01;31m[Kstd::make_shared<NumberPublisherNode>()[m[K;
      |                 [01;31m[K~~~~~~~~~~~~~~~~~~~~~~~~~~~~~~~~~~~~~^~[m[K
In file included from [01m[K/usr/include/c++/13/memory:80[m[K,
                 from [01m[K/opt/ros/jazzy/include/rclcpp/rclcpp/rclcpp.hpp:169[m[K:
[01m[K/usr/include/c++/13/bits/shared_ptr.h:1005:5:[m[K [01;36m[Knote: [m[Kcandidate: â€˜[01m[Ktemplate<class _Tp, class ... _Args> std::shared_ptr<typename std::enable_if<(! std::is_array< <template-parameter-1-1> >::value), _Tp>::type> std::[01;32m[Kmake_shared[m[K(_Args&& ...)[m[Kâ€™
 1005 |     [01;36m[Kmake_shared[m[K(_Args&&... __args)
      |     [01;36m[K^~~~~~~~~~~[m[K
[01m[K/usr/include/c++/13/bits/shared_ptr.h:1005:5:[m[K [01;36m[Knote: [m[K  template argument deduction/substitution failed:
[01m[K/home/diaoko/ros2_ws/src/my_cpp_pkg/src/number_publisher.cpp:27:54:[m[K [01;31m[Kerror: [m[Ktemplate argument 1 is invalid
   27 |     auto node = [01;31m[Kstd::make_shared<NumberPublisherNode>()[m[K;
      |                 [01;31m[K~~~~~~~~~~~~~~~~~~~~~~~~~~~~~~~~~~~~~^~[m[K
gmake[2]: *** [CMakeFiles/number_publisher.dir/build.make:76: CMakeFiles/number_publisher.dir/src/number_publisher.cpp.o] Error 1
gmake[1]: *** [CMakeFiles/Makefile2:165: CMakeFiles/number_publisher.dir/all] Error 2
gmake: *** [Makefile:146: all] Error 2
